<?xml version="1.0" encoding="UTF-8"?>
<coverage generated="1715348887707" clover="3.2.0">
  <project timestamp="1715348887707" name="All files">
    <metrics statements="25" coveredstatements="25" conditionals="1" coveredconditionals="1" methods="9" coveredmethods="9" elements="35" coveredelements="35" complexity="0" loc="25" ncloc="25" packages="1" files="1" classes="1"/>
    <file name="calculator.ts" path="C:\Users\hyth\Desktop\study\quality-control\lw6\src\calculator.ts">
      <metrics statements="25" coveredstatements="25" conditionals="1" coveredconditionals="1" methods="9" coveredmethods="9"/>
      <line num="1" count="1" type="stmt"/>
      <line num="6" count="6" type="stmt"/>
      <line num="7" count="6" type="stmt"/>
      <line num="10" count="1" type="stmt"/>
      <line num="11" count="4" type="stmt"/>
      <line num="12" count="4" type="stmt"/>
      <line num="15" count="1" type="stmt"/>
      <line num="16" count="1" type="stmt"/>
      <line num="17" count="1" type="stmt"/>
      <line num="20" count="1" type="stmt"/>
      <line num="21" count="1" type="stmt"/>
      <line num="22" count="1" type="stmt"/>
      <line num="25" count="1" type="stmt"/>
      <line num="26" count="2" type="cond" truecount="1" falsecount="0"/>
      <line num="27" count="1" type="stmt"/>
      <line num="29" count="1" type="stmt"/>
      <line num="30" count="1" type="stmt"/>
      <line num="33" count="1" type="stmt"/>
      <line num="34" count="5" type="stmt"/>
      <line num="37" count="1" type="stmt"/>
      <line num="38" count="6" type="stmt"/>
      <line num="41" count="1" type="stmt"/>
      <line num="42" count="1" type="stmt"/>
      <line num="43" count="1" type="stmt"/>
      <line num="45" count="1" type="stmt"/>
    </file>
  </project>
</coverage>
