TN:
SF:src\calculator.ts
FN:1,(anonymous_0)
FN:5,Calculator
FN:10,(anonymous_2)
FN:15,(anonymous_3)
FN:20,(anonymous_4)
FN:25,(anonymous_5)
FN:33,(anonymous_6)
FN:37,(anonymous_7)
FN:41,(anonymous_8)
FNF:9
FNH:9
FNDA:1,(anonymous_0)
FNDA:6,Calculator
FNDA:4,(anonymous_2)
FNDA:1,(anonymous_3)
FNDA:1,(anonymous_4)
FNDA:2,(anonymous_5)
FNDA:5,(anonymous_6)
FNDA:6,(anonymous_7)
FNDA:1,(anonymous_8)
DA:1,1
DA:6,6
DA:7,6
DA:10,1
DA:11,4
DA:12,4
DA:15,1
DA:16,1
DA:17,1
DA:20,1
DA:21,1
DA:22,1
DA:25,1
DA:26,2
DA:27,1
DA:29,1
DA:30,1
DA:33,1
DA:34,5
DA:37,1
DA:38,6
DA:41,1
DA:42,1
DA:43,1
DA:45,1
LF:25
LH:25
BRDA:26,0,0,1
BRF:1
BRH:1
end_of_record
